生成启动时间为 7/15/2017 5:57:17 PM。
     1>项目“D:\Code\TBC\play-core\dep\recastnavigation\Detour\win\VC100\Detour.vcxproj”在节点 6 上(rebuild 个目标)。
     1>InitializeBuildStatus:
         正在创建“.\Detour__Win32_Release\Detour.unsuccessfulbuild”，因为已指定“AlwaysCreate”。
       ClCompile:
         E:\Program Files (x86)\Microsoft Visual Studio 10.0\VC\bin\CL.exe /c /I..\..\include /Zi /nologo /W3 /WX- /O2 /Oi /Ot /Oy- /D WIN32 /D NDEBUG /D _MBCS /D _MBCS /Gm- /EHsc /MD /GS /Gy /fp:precise /Zc:wchar_t /Zc:forScope /Fo".\Detour__Win32_Release\\" /Fd".\Detour__Win32_Release\vc100.pdb" /Gd /TP /analyze- /errorReport:prompt ..\..\Source\DetourAlloc.cpp ..\..\Source\DetourCommon.cpp ..\..\Source\DetourNavMesh.cpp ..\..\Source\DetourNavMeshBuilder.cpp ..\..\Source\DetourNavMeshQuery.cpp ..\..\Source\DetourNode.cpp
         DetourAlloc.cpp
         DetourCommon.cpp
         DetourNavMesh.cpp
         DetourNavMeshBuilder.cpp
         DetourNavMeshQuery.cpp
         DetourNode.cpp
         正在生成代码...
       Lib:
         E:\Program Files (x86)\Microsoft Visual Studio 10.0\VC\bin\Lib.exe /OUT:"D:\Code\TBC\play-core\dep\recastnavigation\Detour\win\VC100\\..\..\..\..\lib\Win32_Release\Detour.lib" /NOLOGO .\Detour__Win32_Release\DetourAlloc.obj
         .\Detour__Win32_Release\DetourCommon.obj
         .\Detour__Win32_Release\DetourNavMesh.obj
         .\Detour__Win32_Release\DetourNavMeshBuilder.obj
         .\Detour__Win32_Release\DetourNavMeshQuery.obj
         .\Detour__Win32_Release\DetourNode.obj
         Detour.vcxproj -> D:\Code\TBC\play-core\dep\recastnavigation\Detour\win\VC100\\..\..\..\..\lib\Win32_Release\Detour.lib
       FinalizeBuildStatus:
         正在删除文件“.\Detour__Win32_Release\Detour.unsuccessfulbuild”。
         正在对“.\Detour__Win32_Release\Detour.lastbuildstate”执行 Touch 任务。
     1>已完成生成项目“D:\Code\TBC\play-core\dep\recastnavigation\Detour\win\VC100\Detour.vcxproj”(rebuild 个目标)的操作。

生成成功。

已用时间 00:00:01.36
